<?xml version="1.0" encoding="UTF-8"?>
<!-- Generated by org.testng.reporters.JUnitReportReporter -->
<testsuite hostname="DESKTOP-FKTG9QS" failures="0" tests="1" name="com_testng.exceptiontimeout" time="0.028" errors="0" timestamp="2022-11-14T19:58:46 IST" skipped="0">
  <testcase classname="com_testng.exceptiontimeout" name="test1" time="0.028"/>
  <system-out/>
</testsuite> <!-- com_testng.exceptiontimeout -->
