<?xml version="1.0" encoding="UTF-8"?>
<!-- Generated by org.testng.reporters.JUnitReportReporter -->
<testsuite hostname="DESKTOP-FKTG9QS" failures="0" tests="3" name="com_testng.testngbasic" time="0.010" errors="0" timestamp="2022-11-14T19:58:46 IST" skipped="0">
  <testcase classname="com_testng.testngbasic" name="googletitleTest" time="0.003"/>
  <system-out/>
  <testcase classname="com_testng.testngbasic" name="googlelogo" time="0.004"/>
  <system-out/>
  <testcase classname="com_testng.testngbasic" name="searchtest" time="0.003"/>
  <system-out/>
</testsuite> <!-- com_testng.testngbasic -->
