<?xml version="1.0" encoding="UTF-8"?>
<!-- Generated by org.testng.reporters.JUnitReportReporter -->
<testsuite hostname="DESKTOP-FKTG9QS" failures="0" tests="5" name="com_testng.invocationcounttest" time="0.023" errors="0" timestamp="2022-11-14T19:58:46 IST" skipped="0">
  <testcase classname="com_testng.invocationcounttest" name="sum" time="0.003"/>
  <system-out/>
  <testcase classname="com_testng.invocationcounttest" name="sum" time="0.002"/>
  <system-out/>
  <testcase classname="com_testng.invocationcounttest" name="sum" time="0.001"/>
  <system-out/>
  <testcase classname="com_testng.invocationcounttest" name="sum" time="0.001"/>
  <system-out/>
  <testcase classname="com_testng.invocationcounttest" name="sum" time="0.016"/>
  <system-out/>
</testsuite> <!-- com_testng.invocationcounttest -->
