<?xml version="1.0" encoding="UTF-8"?>
<!-- Generated by org.testng.reporters.JUnitReportReporter -->
<testsuite hostname="DESKTOP-FKTG9QS" failures="0" tests="4" name="com_testng.testngclass" time="0.008" errors="0" timestamp="2022-11-14T19:58:46 IST" skipped="0">
  <testcase classname="com_testng.testngclass" name="registrationTest" time="0.003"/>
  <system-out/>
  <testcase classname="com_testng.testngclass" name="loginTest" time="0.002"/>
  <system-out/>
  <testcase classname="com_testng.testngclass" name="HomePageTest" time="0.001"/>
  <system-out/>
  <testcase classname="com_testng.testngclass" name="searchTest" time="0.002"/>
  <system-out/>
</testsuite> <!-- com_testng.testngclass -->
